<?xml version="1.0" encoding="UTF-8"?>
<!-- Generated by org.testng.reporters.JUnitReportReporter -->
<testsuite skipped="0" hostname="ShreyaPradhan" name="com.qt.qualithon.test.MovieSearchTest" tests="14" failures="1" timestamp="2022-02-20T22:24:28 NPT" time="272.709" errors="0">
  <testcase name="testMovieMetadataOnWebHasCorrectGenres" time="24.334" classname="com.qt.qualithon.test.MovieSearchTest"/>
  <system-out/>
  <testcase name="testMovieMetadataOnWebHasCorrectReleaseYear" time="17.408" classname="com.qt.qualithon.test.MovieSearchTest"/>
  <system-out/>
  <testcase name="testMovieMetadataOnWebHasCorrectMaturityRating" time="16.633" classname="com.qt.qualithon.test.MovieSearchTest"/>
  <system-out/>
  <testcase name="testMovieMetadataOnWebHasCorrectWriters" time="16.430" classname="com.qt.qualithon.test.MovieSearchTest"/>
  <system-out/>
  <testcase name="testMovieMetadataOnWebHasCorrectMaturityRating" time="16.009" classname="com.qt.qualithon.test.MovieSearchTest">
    <failure type="org.junit.ComparisonFailure" message="expected:&lt;&quot;[PG-13]&quot;&gt; but was:&lt;&quot;[12A]&quot;&gt;">
      <![CDATA[org.junit.ComparisonFailure: expected:<"[PG-13]"> but was:<"[12A]">
at sun.reflect.NativeConstructorAccessorImpl.newInstance0(Native Method)
at sun.reflect.NativeConstructorAccessorImpl.newInstance(NativeConstructorAccessorImpl.java:62)
at sun.reflect.DelegatingConstructorAccessorImpl.newInstance(DelegatingConstructorAccessorImpl.java:45)
at com.qt.qualithon.test.MovieSearchTest.testMovieMetadataOnWebHasCorrectMaturityRating(MovieSearchTest.java:165)
at sun.reflect.NativeMethodAccessorImpl.invoke0(Native Method)
at sun.reflect.NativeMethodAccessorImpl.invoke(NativeMethodAccessorImpl.java:62)
at sun.reflect.DelegatingMethodAccessorImpl.invoke(DelegatingMethodAccessorImpl.java:43)
at java.lang.reflect.Method.invoke(Method.java:498)
at org.testng.internal.MethodInvocationHelper.invokeMethod(MethodInvocationHelper.java:132)
at org.testng.internal.TestInvoker.invokeMethod(TestInvoker.java:599)
at org.testng.internal.TestInvoker.invokeTestMethod(TestInvoker.java:174)
at org.testng.internal.MethodRunner.runInSequence(MethodRunner.java:46)
at org.testng.internal.TestInvoker$MethodInvocationAgent.invoke(TestInvoker.java:822)
at org.testng.internal.TestInvoker.invokeTestMethods(TestInvoker.java:147)
at org.testng.internal.TestMethodWorker.invokeTestMethods(TestMethodWorker.java:146)
at org.testng.internal.TestMethodWorker.run(TestMethodWorker.java:128)
at java.util.concurrent.ThreadPoolExecutor.runWorker(ThreadPoolExecutor.java:1149)
at java.util.concurrent.ThreadPoolExecutor$Worker.run(ThreadPoolExecutor.java:624)
at java.lang.Thread.run(Thread.java:748)
]]>
    </failure>
  </testcase> <!-- testMovieMetadataOnWebHasCorrectMaturityRating -->
  <system-out/>
  <testcase name="testMovieMetadataOnWebHasCorrectDirectorName" time="27.325" classname="com.qt.qualithon.test.MovieSearchTest"/>
  <system-out/>
  <testcase name="testMovieMetadataOnWebHasCorrectMovieRatingScore" time="15.620" classname="com.qt.qualithon.test.MovieSearchTest"/>
  <system-out/>
  <testcase name="testMovieMetadataOnWebHasCorrectMovieRatingScore" time="16.225" classname="com.qt.qualithon.test.MovieSearchTest"/>
  <system-out/>
  <testcase name="testMovieMetadataOnWebHasCorrectWriters" time="16.701" classname="com.qt.qualithon.test.MovieSearchTest"/>
  <system-out/>
  <testcase name="testMovieMetadataOnWebHasCorrectDirectorName" time="34.268" classname="com.qt.qualithon.test.MovieSearchTest"/>
  <system-out/>
  <testcase name="testMovieMetadataOnWebHasCorrectGenres" time="15.154" classname="com.qt.qualithon.test.MovieSearchTest"/>
  <system-out/>
  <testcase name="testMovieMetadataOnWebHasCorrectReleaseYear" time="15.960" classname="com.qt.qualithon.test.MovieSearchTest"/>
  <system-out/>
  <testcase name="testSearchByExactMovieTitleReturnsMovieAsFirstResult" time="17.767" classname="com.qt.qualithon.test.MovieSearchTest"/>
  <system-out/>
  <testcase name="testSearchByExactMovieTitleReturnsMovieAsFirstResult" time="22.875" classname="com.qt.qualithon.test.MovieSearchTest"/>
  <system-out/>
</testsuite> <!-- com.qt.qualithon.test.MovieSearchTest -->
